Using pre-set license
Built from '2021.3/staging' branch; Version is '2021.3.22f1 (b6c551784ba3) revision 11978065'; Using compiler version '192829333'; Build Type 'Release'
OS: 'Windows 11  (10.0.22621) 64bit Core' Language: 'en' Physical Memory: 16003 MB
BatchMode: 1, IsHumanControllingUs: 0, StartBugReporterOnCrash: 0, Is64bit: 1, IsPro: 1

COMMAND LINE ARGUMENTS:
C:\Program Files\Unity\Hub\Editor\2021.3.22f1\Editor\Unity.exe
-adb2
-batchMode
-noUpm
-name
AssetImportWorker4
-projectPath
C:/Users/daree/OneDrive/Unity/JohnsLemonsHaunt/JohnLemonsHaunt
-logFile
Logs/AssetImportWorker4.log
-srvPort
50782
Successfully changed project path to: C:/Users/daree/OneDrive/Unity/JohnsLemonsHaunt/JohnLemonsHaunt
C:/Users/daree/OneDrive/Unity/JohnsLemonsHaunt/JohnLemonsHaunt
[UnityMemory] Configuration Parameters - Can be set up in boot.config
    "memorysetup-bucket-allocator-granularity=16"
    "memorysetup-bucket-allocator-bucket-count=8"
    "memorysetup-bucket-allocator-block-size=33554432"
    "memorysetup-bucket-allocator-block-count=8"
    "memorysetup-main-allocator-block-size=16777216"
    "memorysetup-thread-allocator-block-size=16777216"
    "memorysetup-gfx-main-allocator-block-size=16777216"
    "memorysetup-gfx-thread-allocator-block-size=16777216"
    "memorysetup-cache-allocator-block-size=4194304"
    "memorysetup-typetree-allocator-block-size=2097152"
    "memorysetup-profiler-bucket-allocator-granularity=16"
    "memorysetup-profiler-bucket-allocator-bucket-count=8"
    "memorysetup-profiler-bucket-allocator-block-size=33554432"
    "memorysetup-profiler-bucket-allocator-block-count=8"
    "memorysetup-profiler-allocator-block-size=16777216"
    "memorysetup-profiler-editor-allocator-block-size=1048576"
    "memorysetup-temp-allocator-size-main=16777216"
    "memorysetup-job-temp-allocator-block-size=2097152"
    "memorysetup-job-temp-allocator-block-size-background=1048576"
    "memorysetup-job-temp-allocator-reduction-small-platforms=262144"
    "memorysetup-temp-allocator-size-background-worker=32768"
    "memorysetup-temp-allocator-size-job-worker=262144"
    "memorysetup-temp-allocator-size-preload-manager=33554432"
    "memorysetup-temp-allocator-size-nav-mesh-worker=65536"
    "memorysetup-temp-allocator-size-audio-worker=65536"
    "memorysetup-temp-allocator-size-cloud-worker=32768"
    "memorysetup-temp-allocator-size-gi-baking-worker=262144"
    "memorysetup-temp-allocator-size-gfx=262144"
Player connection [18128] Host "[IP] 192.168.1.121 [Port] 0 [Flags] 2 [Guid] 4021956764 [EditorId] 4021956764 [Version] 1048832 [Id] WindowsEditor(7,Yuki) [Debug] 1 [PackageName] WindowsEditor [ProjectName] Editor" joined multi-casting on [225.0.0.222:54997]...

Player connection [18128] Host "[IP] 192.168.1.121 [Port] 0 [Flags] 2 [Guid] 4021956764 [EditorId] 4021956764 [Version] 1048832 [Id] WindowsEditor(7,Yuki) [Debug] 1 [PackageName] WindowsEditor [ProjectName] Editor" joined alternative multi-casting on [225.0.0.222:34997]...

Refreshing native plugins compatible for Editor in 50.89 ms, found 3 plugins.
Preloading 0 native plugins for Editor in 0.00 ms.
Initialize engine version: 2021.3.22f1 (b6c551784ba3)
[Subsystems] Discovering subsystems at path C:/Program Files/Unity/Hub/Editor/2021.3.22f1/Editor/Data/Resources/UnitySubsystems
[Subsystems] Discovering subsystems at path C:/Users/daree/OneDrive/Unity/JohnsLemonsHaunt/JohnLemonsHaunt/Assets
GfxDevice: creating device client; threaded=0; jobified=0
Direct3D:
    Version:  Direct3D 11.0 [level 11.1]
    Renderer: NVIDIA GeForce RTX 4070 Laptop GPU (ID=0x2860)
    Vendor:   NVIDIA
    VRAM:     7962 MB
    Driver:   31.0.15.2901
Initialize mono
Mono path[0] = 'C:/Program Files/Unity/Hub/Editor/2021.3.22f1/Editor/Data/Managed'
Mono path[1] = 'C:/Program Files/Unity/Hub/Editor/2021.3.22f1/Editor/Data/MonoBleedingEdge/lib/mono/unityjit-win32'
Mono config path = 'C:/Program Files/Unity/Hub/Editor/2021.3.22f1/Editor/Data/MonoBleedingEdge/etc'
Using monoOptions --debugger-agent=transport=dt_socket,embedding=1,server=y,suspend=n,address=127.0.0.1:56856
Begin MonoManager ReloadAssembly
Registering precompiled unity dll's ...
Register platform support module: C:/Program Files/Unity/Hub/Editor/2021.3.22f1/Editor/Data/PlaybackEngines/WebGLSupport/UnityEditor.WebGL.Extensions.dll
Register platform support module: C:/Program Files/Unity/Hub/Editor/2021.3.22f1/Editor/Data/PlaybackEngines/WindowsStandaloneSupport/UnityEditor.WindowsStandalone.Extensions.dll
Registered in 0.004401 seconds.
Native extension for WindowsStandalone target not found
Native extension for WebGL target not found
Refreshing native plugins compatible for Editor in 47.62 ms, found 3 plugins.
Preloading 0 native plugins for Editor in 0.00 ms.
Mono: successfully reloaded assembly
- Completed reload, in  0.466 seconds
Domain Reload Profiling:
	ReloadAssembly (466ms)
		BeginReloadAssembly (79ms)
			ExecutionOrderSort (0ms)
			DisableScriptedObjects (0ms)
			BackupInstance (0ms)
			ReleaseScriptingObjects (0ms)
			CreateAndSetChildDomain (1ms)
		EndReloadAssembly (301ms)
			LoadAssemblies (77ms)
			RebuildTransferFunctionScriptingTraits (0ms)
			SetupTypeCache (75ms)
			ReleaseScriptCaches (0ms)
			RebuildScriptCaches (20ms)
			SetupLoadedEditorAssemblies (172ms)
				LogAssemblyErrors (0ms)
				InitializePlatformSupportModulesInManaged (6ms)
				SetLoadedEditorAssemblies (0ms)
				RefreshPlugins (48ms)
				BeforeProcessingInitializeOnLoad (1ms)
				ProcessInitializeOnLoadAttributes (89ms)
				ProcessInitializeOnLoadMethodAttributes (29ms)
				AfterProcessingInitializeOnLoad (0ms)
				EditorAssembliesLoaded (0ms)
			ExecutionOrderSort2 (0ms)
			AwakeInstancesAfterBackupRestoration (0ms)
Platform modules already initialized, skipping
Registering precompiled user dll's ...
Registered in 0.002280 seconds.
Begin MonoManager ReloadAssembly
Symbol file LoadedFromMemory doesn't match image C:\Users\daree\OneDrive\Unity\JohnsLemonsHaunt\JohnLemonsHaunt\Library\PackageCache\com.unity.visualscripting@1.8.0\Editor\VisualScripting.Core\Dependencies\YamlDotNet\Unity.VisualScripting.YamlDotNet.dll
Symbol file LoadedFromMemory doesn't match image C:\Users\daree\OneDrive\Unity\JohnsLemonsHaunt\JohnLemonsHaunt\Library\PackageCache\com.unity.visualscripting@1.8.0\Editor\VisualScripting.Core\Dependencies\DotNetZip\Unity.VisualScripting.IonicZip.dll
Native extension for WindowsStandalone target not found
Native extension for WebGL target not found
Refreshing native plugins compatible for Editor in 0.75 ms, found 3 plugins.
Preloading 0 native plugins for Editor in 0.00 ms.
Mono: successfully reloaded assembly
- Completed reload, in  0.640 seconds
Domain Reload Profiling:
	ReloadAssembly (641ms)
		BeginReloadAssembly (76ms)
			ExecutionOrderSort (0ms)
			DisableScriptedObjects (3ms)
			BackupInstance (0ms)
			ReleaseScriptingObjects (0ms)
			CreateAndSetChildDomain (12ms)
		EndReloadAssembly (496ms)
			LoadAssemblies (57ms)
			RebuildTransferFunctionScriptingTraits (0ms)
			SetupTypeCache (172ms)
			ReleaseScriptCaches (0ms)
			RebuildScriptCaches (31ms)
			SetupLoadedEditorAssemblies (220ms)
				LogAssemblyErrors (0ms)
				InitializePlatformSupportModulesInManaged (6ms)
				SetLoadedEditorAssemblies (1ms)
				RefreshPlugins (1ms)
				BeforeProcessingInitializeOnLoad (58ms)
				ProcessInitializeOnLoadAttributes (140ms)
				ProcessInitializeOnLoadMethodAttributes (11ms)
				AfterProcessingInitializeOnLoad (4ms)
				EditorAssembliesLoaded (0ms)
			ExecutionOrderSort2 (0ms)
			AwakeInstancesAfterBackupRestoration (4ms)
Platform modules already initialized, skipping
========================================================================
Worker process is ready to serve import requests
Launched and connected shader compiler UnityShaderCompiler.exe after 0.04 seconds
Refreshing native plugins compatible for Editor in 0.42 ms, found 3 plugins.
Preloading 0 native plugins for Editor in 0.00 ms.
Unloading 3053 Unused Serialized files (Serialized files now loaded: 0)
Unloading 22 unused Assets / (56.8 KB). Loaded Objects now: 3516.
Memory consumption went from 109.2 MB to 109.2 MB.
Total: 2.436700 ms (FindLiveObjects: 0.277900 ms CreateObjectMapping: 0.126700 ms MarkObjects: 1.951100 ms  DeleteObjects: 0.079800 ms)

AssetImportParameters requested are different than current active one (requested -> active):
  custom:video-decoder-ogg-theora: a1e56fd34408186e4bbccfd4996cb3dc -> 
  custom:container-muxer-webm: aa71ff27fc2769a1b78a27578f13a17b -> 
  custom:container-demuxer-webm: 4f35f7cbe854078d1ac9338744f61a02 -> 
  custom:video-encoder-webm-vp8: eb34c28f22e8b96e1ab97ce403110664 -> 
  custom:video-codec-MediaFoundation-h265: 746d11721c4dcdbdad8f713fa42b33f4 -> 
  custom:audio-encoder-webm-vorbis: bf7c407c2cedff20999df2af8eb42d56 -> 
  custom:framework-win-MediaFoundation: 216162199b28c13a410421893ffa2e32 -> 
  custom:container-demuxer-ogg: 62fdf1f143b41e24485cea50d1cbac27 -> 
  custom:video-decoder-webm-vp8: 9c59270c3fd7afecdb556c50c9e8de78 -> 
  custom:audio-decoder-ogg-vorbis: bf7c407c2cedff20999df2af8eb42d56 -> 
========================================================================
Received Import Request.
  Time since last request: 1081.522897 seconds.
  path: Assets/UnityTechnologies/3DBeginnerTutorial/Art/Materials/Characters
  artifactKey: Guid(7080ad841c8a64c409aa6315ee0f9563) Importer(815301076,1909f56bfc062723c751e8b465ee728b)
Start importing Assets/UnityTechnologies/3DBeginnerTutorial/Art/Materials/Characters using Guid(7080ad841c8a64c409aa6315ee0f9563) Importer(815301076,1909f56bfc062723c751e8b465ee728b)  -> (artifact id: 'd01f94dc56074a73fdb2f1e49093a94e') in 0.013671 seconds 
========================================================================
Received Import Request.
  Time since last request: 0.057572 seconds.
  path: Assets/UnityTechnologies/3DBeginnerTutorial/Art/Materials/Characters/Gargoyle.mat
  artifactKey: Guid(380abfdf82677234e922db7133b0e63c) Importer(815301076,1909f56bfc062723c751e8b465ee728b)
Start importing Assets/UnityTechnologies/3DBeginnerTutorial/Art/Materials/Characters/Gargoyle.mat using Guid(380abfdf82677234e922db7133b0e63c) Importer(815301076,1909f56bfc062723c751e8b465ee728b)  -> (artifact id: 'cc34f8e27f74fb5b6e2cc490e5143588') in 0.172626 seconds 
========================================================================
Received Import Request.
  Time since last request: 25.497790 seconds.
  path: Assets/UnityTechnologies/3DBeginnerTutorial/Art/Models/Characters
  artifactKey: Guid(0a4baff46de2c5f42a4a87eb698b18ed) Importer(815301076,1909f56bfc062723c751e8b465ee728b)
Start importing Assets/UnityTechnologies/3DBeginnerTutorial/Art/Models/Characters using Guid(0a4baff46de2c5f42a4a87eb698b18ed) Importer(815301076,1909f56bfc062723c751e8b465ee728b)  -> (artifact id: 'a1076e436fb8b3ece0a5d49c441b1c58') in 0.001854 seconds 
========================================================================
Received Import Request.
  Time since last request: 1.091199 seconds.
  path: Assets/UnityTechnologies/3DBeginnerTutorial/Art/Models/Characters/Gargoyle.fbx
  artifactKey: Guid(d3312d02a690eda48bd6807bf5c78084) Importer(815301076,1909f56bfc062723c751e8b465ee728b)
Start importing Assets/UnityTechnologies/3DBeginnerTutorial/Art/Models/Characters/Gargoyle.fbx using Guid(d3312d02a690eda48bd6807bf5c78084) Importer(815301076,1909f56bfc062723c751e8b465ee728b)  -> (artifact id: 'c8e317c5699afd9610508721cc95def4') in 0.287646 seconds 
========================================================================
Received Import Request.
  Time since last request: 20597.177812 seconds.
  path: Assets/UnityTechnologies/3DBeginnerTutorial/Art/Materials/Bathroom/Bathtub.mat
  artifactKey: Guid(b80a9d3765165844c9e6e6505f6d511c) Importer(815301076,1909f56bfc062723c751e8b465ee728b)
Start importing Assets/UnityTechnologies/3DBeginnerTutorial/Art/Materials/Bathroom/Bathtub.mat using Guid(b80a9d3765165844c9e6e6505f6d511c) Importer(815301076,1909f56bfc062723c751e8b465ee728b)  -> (artifact id: '2c2b42d9d6169b8750943f8ced824215') in 0.490473 seconds 
========================================================================
Received Import Request.
  Time since last request: 0.000196 seconds.
  path: Assets/UnityTechnologies/3DBeginnerTutorial/Art/Materials/VFX/WaterDropSmall.mat
  artifactKey: Guid(c4d4365c3eeb8a54183f5af15699021d) Importer(815301076,1909f56bfc062723c751e8b465ee728b)
Start importing Assets/UnityTechnologies/3DBeginnerTutorial/Art/Materials/VFX/WaterDropSmall.mat using Guid(c4d4365c3eeb8a54183f5af15699021d) Importer(815301076,1909f56bfc062723c751e8b465ee728b)  -> (artifact id: '4f47c8e788f2d32c672973944d3c710e') in 2.105387 seconds 
========================================================================
Received Import Request.
  Time since last request: 0.000100 seconds.
  path: Assets/UnityTechnologies/3DBeginnerTutorial/Art/Materials/Corridor/Light.mat
  artifactKey: Guid(f8576e77e5ebf4b49ae5475f634ed53b) Importer(815301076,1909f56bfc062723c751e8b465ee728b)
Start importing Assets/UnityTechnologies/3DBeginnerTutorial/Art/Materials/Corridor/Light.mat using Guid(f8576e77e5ebf4b49ae5475f634ed53b) Importer(815301076,1909f56bfc062723c751e8b465ee728b)  -> (artifact id: 'd1aa7a93b0e33d4f438d5b0f8dfe54a6') in 0.361347 seconds 
========================================================================
Received Import Request.
  Time since last request: 0.000036 seconds.
  path: Assets/UnityTechnologies/3DBeginnerTutorial/Art/Materials/Bathroom/Mirror.mat
  artifactKey: Guid(3086cb16e9941b845ac6e853a3a4e5b4) Importer(815301076,1909f56bfc062723c751e8b465ee728b)
Start importing Assets/UnityTechnologies/3DBeginnerTutorial/Art/Materials/Bathroom/Mirror.mat using Guid(3086cb16e9941b845ac6e853a3a4e5b4) Importer(815301076,1909f56bfc062723c751e8b465ee728b)  -> (artifact id: 'df258eebe9c68c053190c605254e2524') in 0.226794 seconds 
========================================================================
Received Import Request.
  Time since last request: 0.000032 seconds.
  path: Assets/UnityTechnologies/3DBeginnerTutorial/Art/Materials/Corridor/Light_Glass.mat
  artifactKey: Guid(d50d52e4c69a3cf45bf45594297ca6c4) Importer(815301076,1909f56bfc062723c751e8b465ee728b)
Start importing Assets/UnityTechnologies/3DBeginnerTutorial/Art/Materials/Corridor/Light_Glass.mat using Guid(d50d52e4c69a3cf45bf45594297ca6c4) Importer(815301076,1909f56bfc062723c751e8b465ee728b)  -> (artifact id: '66ee01957862e44367b85c33047c0700') in 0.465322 seconds 
========================================================================
Received Import Request.
  Time since last request: 0.000028 seconds.
  path: Assets/Scenes/SampleScene.unity
  artifactKey: Guid(9fc0d4010bbf28b4594072e72b8655ab) Importer(815301076,1909f56bfc062723c751e8b465ee728b)
Start importing Assets/Scenes/SampleScene.unity using Guid(9fc0d4010bbf28b4594072e72b8655ab) Importer(815301076,1909f56bfc062723c751e8b465ee728b)  -> (artifact id: '3ebf714d7723edab392221c7e1ffe25f') in 0.014497 seconds 
========================================================================
Received Import Request.
  Time since last request: 0.000038 seconds.
  path: Assets/UnityTechnologies/3DBeginnerTutorial/Art/Materials/BedRoom/Bed.mat
  artifactKey: Guid(f9b5ce623b689d74d8e935a8c979ffc0) Importer(815301076,1909f56bfc062723c751e8b465ee728b)
Start importing Assets/UnityTechnologies/3DBeginnerTutorial/Art/Materials/BedRoom/Bed.mat using Guid(f9b5ce623b689d74d8e935a8c979ffc0) Importer(815301076,1909f56bfc062723c751e8b465ee728b)  -> (artifact id: '3cd345783906ec2159d3ccfd011d4e82') in 0.095444 seconds 
========================================================================
Received Import Request.
  Time since last request: 0.000046 seconds.
  path: Assets/UnityTechnologies/3DBeginnerTutorial/Art/Materials/BedRoom/Wall_Bedroom.mat
  artifactKey: Guid(a1d7f57e6086c9a4bb159a2e0cfb2228) Importer(815301076,1909f56bfc062723c751e8b465ee728b)
Start importing Assets/UnityTechnologies/3DBeginnerTutorial/Art/Materials/BedRoom/Wall_Bedroom.mat using Guid(a1d7f57e6086c9a4bb159a2e0cfb2228) Importer(815301076,1909f56bfc062723c751e8b465ee728b)  -> (artifact id: 'c8d31d332041019e1a5b0fd93527709b') in 0.163587 seconds 
========================================================================
Received Import Request.
  Time since last request: 0.000026 seconds.
  path: Assets/UnityTechnologies/3DBeginnerTutorial/Art/Materials/VFX/PlaneFog.mat
  artifactKey: Guid(061fb137bedaf3e4fad039b9006afa93) Importer(815301076,1909f56bfc062723c751e8b465ee728b)
Start importing Assets/UnityTechnologies/3DBeginnerTutorial/Art/Materials/VFX/PlaneFog.mat using Guid(061fb137bedaf3e4fad039b9006afa93) Importer(815301076,1909f56bfc062723c751e8b465ee728b)  -> (artifact id: '3b3896a506c7eaf040b65e6ed4b7f559') in 0.053184 seconds 
========================================================================
Received Import Request.
  Time since last request: 0.000044 seconds.
  path: Assets/UnityTechnologies/3DBeginnerTutorial/Art/Materials/VFX/Emissive.mat
  artifactKey: Guid(effb672a2c71f0c40b7b1960d798968a) Importer(815301076,1909f56bfc062723c751e8b465ee728b)
Start importing Assets/UnityTechnologies/3DBeginnerTutorial/Art/Materials/VFX/Emissive.mat using Guid(effb672a2c71f0c40b7b1960d798968a) Importer(815301076,1909f56bfc062723c751e8b465ee728b)  -> (artifact id: 'f6f48f40d43e2af56dd5bdb66de70c9b') in 0.117612 seconds 
========================================================================
Received Import Request.
  Time since last request: 0.000040 seconds.
  path: Assets/UnityTechnologies/3DBeginnerTutorial/Art/Models/Corridor/Wall_Straight_02.fbx
  artifactKey: Guid(241f3dc7f2ed74d40a90ce43df5e2f23) Importer(815301076,1909f56bfc062723c751e8b465ee728b)
Start importing Assets/UnityTechnologies/3DBeginnerTutorial/Art/Models/Corridor/Wall_Straight_02.fbx using Guid(241f3dc7f2ed74d40a90ce43df5e2f23) Importer(815301076,1909f56bfc062723c751e8b465ee728b)  -> (artifact id: '1736c97b94213e4c8f46ec7f6dec5cf2') in 0.103615 seconds 
========================================================================
Received Import Request.
  Time since last request: 0.000051 seconds.
  path: Assets/UnityTechnologies/3DBeginnerTutorial/Art/Materials/DiningRoom/CandleStick.mat
  artifactKey: Guid(8d2cd8bfb9126c744ba6ef80defb2620) Importer(815301076,1909f56bfc062723c751e8b465ee728b)
Start importing Assets/UnityTechnologies/3DBeginnerTutorial/Art/Materials/DiningRoom/CandleStick.mat using Guid(8d2cd8bfb9126c744ba6ef80defb2620) Importer(815301076,1909f56bfc062723c751e8b465ee728b)  -> (artifact id: '9cfe786b99b260a17a0b1c42a8b80443') in 0.098704 seconds 
========================================================================
Received Import Request.
  Time since last request: 0.000073 seconds.
  path: Assets/UnityTechnologies/3DBeginnerTutorial/Art/Materials/Bathroom/BathtubLeg.mat
  artifactKey: Guid(d7e2196a7a474e74fba16ada321c14f2) Importer(815301076,1909f56bfc062723c751e8b465ee728b)
Start importing Assets/UnityTechnologies/3DBeginnerTutorial/Art/Materials/Bathroom/BathtubLeg.mat using Guid(d7e2196a7a474e74fba16ada321c14f2) Importer(815301076,1909f56bfc062723c751e8b465ee728b)  -> (artifact id: 'e2286bf496d4212b4439767bc1a41e50') in 0.055837 seconds 
========================================================================
Received Import Request.
  Time since last request: 0.000026 seconds.
  path: Assets/UnityTechnologies/3DBeginnerTutorial/Art/Materials/DiningRoom/Clock.mat
  artifactKey: Guid(8d2783b3e3276774b8ee18214091ac89) Importer(815301076,1909f56bfc062723c751e8b465ee728b)
Start importing Assets/UnityTechnologies/3DBeginnerTutorial/Art/Materials/DiningRoom/Clock.mat using Guid(8d2783b3e3276774b8ee18214091ac89) Importer(815301076,1909f56bfc062723c751e8b465ee728b)  -> (artifact id: 'b0281ed21be7d36e6e6092327af41198') in 0.097426 seconds 
========================================================================
Received Import Request.
  Time since last request: 0.000023 seconds.
  path: Assets/UnityTechnologies/3DBeginnerTutorial/Art/Materials/Bathroom/Wall_Bathroom.mat
  artifactKey: Guid(785750043eaf5004da3d0b54f39941c1) Importer(815301076,1909f56bfc062723c751e8b465ee728b)
Start importing Assets/UnityTechnologies/3DBeginnerTutorial/Art/Materials/Bathroom/Wall_Bathroom.mat using Guid(785750043eaf5004da3d0b54f39941c1) Importer(815301076,1909f56bfc062723c751e8b465ee728b)  -> (artifact id: '2e8e3afe2ea4c22e41989e5fb1770ad2') in 0.091613 seconds 
========================================================================
Received Import Request.
  Time since last request: 0.000027 seconds.
  path: Assets/UnityTechnologies/3DBeginnerTutorial/Art/Materials/VFX/Steam.mat
  artifactKey: Guid(4cd7f6cf6430b2347803bd0c957fbbce) Importer(815301076,1909f56bfc062723c751e8b465ee728b)
Start importing Assets/UnityTechnologies/3DBeginnerTutorial/Art/Materials/VFX/Steam.mat using Guid(4cd7f6cf6430b2347803bd0c957fbbce) Importer(815301076,1909f56bfc062723c751e8b465ee728b)  -> (artifact id: '8b667f155b672efe472f34d5e32e484b') in 0.156815 seconds 
========================================================================
Received Import Request.
  Time since last request: 0.000130 seconds.
  path: Assets/UnityTechnologies/3DBeginnerTutorial/Art/Models/Corridor/FloorPlane.fbx
  artifactKey: Guid(79ec22444806b2e4dafc0b51ad057fa1) Importer(815301076,1909f56bfc062723c751e8b465ee728b)
Start importing Assets/UnityTechnologies/3DBeginnerTutorial/Art/Models/Corridor/FloorPlane.fbx using Guid(79ec22444806b2e4dafc0b51ad057fa1) Importer(815301076,1909f56bfc062723c751e8b465ee728b)  -> (artifact id: '5880e8b4e1e651696b21187c03f4d24a') in 0.047737 seconds 
========================================================================
Received Import Request.
  Time since last request: 0.000026 seconds.
  path: Assets/UnityTechnologies/3DBeginnerTutorial/Art/Materials/Corridor/Wall_Corridor.mat
  artifactKey: Guid(b6a0ac0240204cb4ea4b84d1e2dab2b5) Importer(815301076,1909f56bfc062723c751e8b465ee728b)
Start importing Assets/UnityTechnologies/3DBeginnerTutorial/Art/Materials/Corridor/Wall_Corridor.mat using Guid(b6a0ac0240204cb4ea4b84d1e2dab2b5) Importer(815301076,1909f56bfc062723c751e8b465ee728b)  -> (artifact id: '2d6228dfd4cef73edcb4ddb941f44f32') in 0.037089 seconds 
========================================================================
Received Import Request.
  Time since last request: 0.000025 seconds.
  path: Assets/UnityTechnologies/3DBeginnerTutorial/Art/Materials/Corridor/Window.mat
  artifactKey: Guid(5d7f4ca07121e414288c4908a4803bed) Importer(815301076,1909f56bfc062723c751e8b465ee728b)
Start importing Assets/UnityTechnologies/3DBeginnerTutorial/Art/Materials/Corridor/Window.mat using Guid(5d7f4ca07121e414288c4908a4803bed) Importer(815301076,1909f56bfc062723c751e8b465ee728b)  -> (artifact id: '31d21400fab1a84f2962765fc35ff6b4') in 0.126007 seconds 
========================================================================
Received Import Request.
  Time since last request: 0.000031 seconds.
  path: Assets/UnityTechnologies/3DBeginnerTutorial/Art/Materials/Corridor/Door_Post.mat
  artifactKey: Guid(78a0737fcaa84b14d9527b1565fc5488) Importer(815301076,1909f56bfc062723c751e8b465ee728b)
Start importing Assets/UnityTechnologies/3DBeginnerTutorial/Art/Materials/Corridor/Door_Post.mat using Guid(78a0737fcaa84b14d9527b1565fc5488) Importer(815301076,1909f56bfc062723c751e8b465ee728b)  -> (artifact id: 'd44f1e12764a4b13d94270d48a83d017') in 0.115288 seconds 
========================================================================
Received Import Request.
  Time since last request: 0.000044 seconds.
  path: Assets/UnityTechnologies/3DBeginnerTutorial/Art/Models/Corridor/Wall_Straight_01.fbx
  artifactKey: Guid(ca04dfc6bbf3c2e4a9601d58495fff52) Importer(815301076,1909f56bfc062723c751e8b465ee728b)
Start importing Assets/UnityTechnologies/3DBeginnerTutorial/Art/Models/Corridor/Wall_Straight_01.fbx using Guid(ca04dfc6bbf3c2e4a9601d58495fff52) Importer(815301076,1909f56bfc062723c751e8b465ee728b)  -> (artifact id: 'db138691347f443b42f8c4df626ee59a') in 0.052194 seconds 
========================================================================
Received Import Request.
  Time since last request: 0.000041 seconds.
  path: Assets/UnityTechnologies/3DBeginnerTutorial/Art/Materials/Bathroom/Walls.mat
  artifactKey: Guid(9dab67fd89e742e45a9d885d6e1e14a2) Importer(815301076,1909f56bfc062723c751e8b465ee728b)
Start importing Assets/UnityTechnologies/3DBeginnerTutorial/Art/Materials/Bathroom/Walls.mat using Guid(9dab67fd89e742e45a9d885d6e1e14a2) Importer(815301076,1909f56bfc062723c751e8b465ee728b)  -> (artifact id: '401c72cfc906eb133a9a9a39a8967300') in 0.060961 seconds 
========================================================================
Received Import Request.
  Time since last request: 11309.625382 seconds.
  path: Assets/UnityTechnologies/3DBeginnerTutorial/Art/Models/Bathroom/BathTub.fbx
  artifactKey: Guid(450fb73028c576343ae0321cd675ac52) Importer(815301076,1909f56bfc062723c751e8b465ee728b)
Start importing Assets/UnityTechnologies/3DBeginnerTutorial/Art/Models/Bathroom/BathTub.fbx using Guid(450fb73028c576343ae0321cd675ac52) Importer(815301076,1909f56bfc062723c751e8b465ee728b)  -> (artifact id: '52444d780754c6b85011b57074be0cfe') in 0.159173 seconds 
========================================================================
Received Import Request.
  Time since last request: 0.000099 seconds.
  path: Assets/UnityTechnologies/3DBeginnerTutorial/Art/Textures/DiningRoom/Cthulhu_Lamp_MetallicSmooth.tif
  artifactKey: Guid(3b798118871b23b448abd87d74d29af9) Importer(815301076,1909f56bfc062723c751e8b465ee728b)
Start importing Assets/UnityTechnologies/3DBeginnerTutorial/Art/Textures/DiningRoom/Cthulhu_Lamp_MetallicSmooth.tif using Guid(3b798118871b23b448abd87d74d29af9) Importer(815301076,1909f56bfc062723c751e8b465ee728b)  -> (artifact id: 'ddf3c2b2602bc01de77c04e78269c707') in 0.162399 seconds 
========================================================================
Received Import Request.
  Time since last request: 0.000064 seconds.
  path: Assets/UnityTechnologies/3DBeginnerTutorial/Art/Textures/DiningRoom/Fireplace_MetallicSmooth.tif
  artifactKey: Guid(f632a9c02b56d5c45befbcf4bb4176aa) Importer(815301076,1909f56bfc062723c751e8b465ee728b)
Start importing Assets/UnityTechnologies/3DBeginnerTutorial/Art/Textures/DiningRoom/Fireplace_MetallicSmooth.tif using Guid(f632a9c02b56d5c45befbcf4bb4176aa) Importer(815301076,1909f56bfc062723c751e8b465ee728b)  -> (artifact id: '01b1f1fbb9176d19b70d2d5c38784085') in 0.023590 seconds 
========================================================================
Received Import Request.
  Time since last request: 0.000026 seconds.
  path: Assets/UnityTechnologies/3DBeginnerTutorial/Art/Textures/DiningRoom/Cthulhu_Lamp_Normal.tif
  artifactKey: Guid(8bf179a14d694db4cacb3a54934ee81f) Importer(815301076,1909f56bfc062723c751e8b465ee728b)
Start importing Assets/UnityTechnologies/3DBeginnerTutorial/Art/Textures/DiningRoom/Cthulhu_Lamp_Normal.tif using Guid(8bf179a14d694db4cacb3a54934ee81f) Importer(815301076,1909f56bfc062723c751e8b465ee728b)  -> (artifact id: '94f0c70871c7cb5752e474aee0eca9d1') in 0.024850 seconds 
========================================================================
Received Import Request.
  Time since last request: 0.000022 seconds.
  path: Assets/UnityTechnologies/3DBeginnerTutorial/Art/Textures/Corridor/DoorPost_Albedo.tif
  artifactKey: Guid(09fbe434f49e3d14db90d6bcc8ab8383) Importer(815301076,1909f56bfc062723c751e8b465ee728b)
Start importing Assets/UnityTechnologies/3DBeginnerTutorial/Art/Textures/Corridor/DoorPost_Albedo.tif using Guid(09fbe434f49e3d14db90d6bcc8ab8383) Importer(815301076,1909f56bfc062723c751e8b465ee728b)  -> (artifact id: '1b94262d3eed8ad52184b3961028058f') in 0.033681 seconds 
========================================================================
Received Import Request.
  Time since last request: 0.000028 seconds.
  path: Assets/UnityTechnologies/3DBeginnerTutorial/TutorialInfo/Icons/icon_tutorial_package.png
  artifactKey: Guid(6756ed7b80223ac4e8f026ce27541de4) Importer(815301076,1909f56bfc062723c751e8b465ee728b)
Start importing Assets/UnityTechnologies/3DBeginnerTutorial/TutorialInfo/Icons/icon_tutorial_package.png using Guid(6756ed7b80223ac4e8f026ce27541de4) Importer(815301076,1909f56bfc062723c751e8b465ee728b)  -> (artifact id: '3a8eeee690eab58a1586c19d876976ab') in 0.052674 seconds 
========================================================================
Received Import Request.
  Time since last request: 0.000056 seconds.
  path: Assets/UnityTechnologies/3DBeginnerTutorial/Art/Textures/Corridor/FramedPicture_Occlusion.tif
  artifactKey: Guid(8cf5d7fc034b58d4aaab39e5037b538b) Importer(815301076,1909f56bfc062723c751e8b465ee728b)
Start importing Assets/UnityTechnologies/3DBeginnerTutorial/Art/Textures/Corridor/FramedPicture_Occlusion.tif using Guid(8cf5d7fc034b58d4aaab39e5037b538b) Importer(815301076,1909f56bfc062723c751e8b465ee728b)  -> (artifact id: '15b6348596d935392b0067ad7b154aae') in 0.033165 seconds 
========================================================================
Received Import Request.
  Time since last request: 0.000022 seconds.
  path: Assets/UnityTechnologies/3DBeginnerTutorial/Art/Models/VFX/DropSplash.fbx
  artifactKey: Guid(e6c27adf3e47c024da4e786f5898c785) Importer(815301076,1909f56bfc062723c751e8b465ee728b)
Start importing Assets/UnityTechnologies/3DBeginnerTutorial/Art/Models/VFX/DropSplash.fbx using Guid(e6c27adf3e47c024da4e786f5898c785) Importer(815301076,1909f56bfc062723c751e8b465ee728b)  -> (artifact id: 'f64673b2108596cfbc6b719e1a9c4ab9') in 0.045176 seconds 
========================================================================
Received Import Request.
  Time since last request: 0.000036 seconds.
  path: Assets/UnityTechnologies/3DBeginnerTutorial/Art/Textures/DiningRoom/Cthulhu_Lamp_Albedo.tif
  artifactKey: Guid(6c90b46487020c3469499200b000cdb8) Importer(815301076,1909f56bfc062723c751e8b465ee728b)
Start importing Assets/UnityTechnologies/3DBeginnerTutorial/Art/Textures/DiningRoom/Cthulhu_Lamp_Albedo.tif using Guid(6c90b46487020c3469499200b000cdb8) Importer(815301076,1909f56bfc062723c751e8b465ee728b)  -> (artifact id: 'f0a80fde0252849bd246dd4e9725ae44') in 0.021347 seconds 
========================================================================
Received Import Request.
  Time since last request: 0.000031 seconds.
  path: Assets/UnityTechnologies/3DBeginnerTutorial/Art/Textures/DiningRoom/Fireplace_Normal.tif
  artifactKey: Guid(213c09988023fa74986a1bc0b4d38103) Importer(815301076,1909f56bfc062723c751e8b465ee728b)
Start importing Assets/UnityTechnologies/3DBeginnerTutorial/Art/Textures/DiningRoom/Fireplace_Normal.tif using Guid(213c09988023fa74986a1bc0b4d38103) Importer(815301076,1909f56bfc062723c751e8b465ee728b)  -> (artifact id: '2bfdabb15ee1f7ed8187c756fb3e91ad') in 0.019146 seconds 
========================================================================
Received Import Request.
  Time since last request: 0.000047 seconds.
  path: Assets/UnityTechnologies/3DBeginnerTutorial/Art/Textures/Corridor/DoorPost_Occlusion.tif
  artifactKey: Guid(71b186b931fdc274dbeaeb7eb4039366) Importer(815301076,1909f56bfc062723c751e8b465ee728b)
Start importing Assets/UnityTechnologies/3DBeginnerTutorial/Art/Textures/Corridor/DoorPost_Occlusion.tif using Guid(71b186b931fdc274dbeaeb7eb4039366) Importer(815301076,1909f56bfc062723c751e8b465ee728b)  -> (artifact id: 'e43b687a3e63abfa8c38b09283534ba9') in 0.029587 seconds 
========================================================================
Received Import Request.
  Time since last request: 0.000039 seconds.
  path: Assets/UnityTechnologies/3DBeginnerTutorial/Art/Textures/DiningRoom/Fireplace_Occlusion.tif
  artifactKey: Guid(8d729759afba04b47b3d471f834893af) Importer(815301076,1909f56bfc062723c751e8b465ee728b)
Start importing Assets/UnityTechnologies/3DBeginnerTutorial/Art/Textures/DiningRoom/Fireplace_Occlusion.tif using Guid(8d729759afba04b47b3d471f834893af) Importer(815301076,1909f56bfc062723c751e8b465ee728b)  -> (artifact id: 'b1edf30c4879e2af386a9f7fbf104e1e') in 0.021506 seconds 
========================================================================
Received Import Request.
  Time since last request: 0.000021 seconds.
  path: Assets/UnityTechnologies/3DBeginnerTutorial/Art/Textures/Corridor/DoorPost_MetallicSmooth.tif
  artifactKey: Guid(d87c5e66b380a074fa2264fd4da58aa6) Importer(815301076,1909f56bfc062723c751e8b465ee728b)
Start importing Assets/UnityTechnologies/3DBeginnerTutorial/Art/Textures/Corridor/DoorPost_MetallicSmooth.tif using Guid(d87c5e66b380a074fa2264fd4da58aa6) Importer(815301076,1909f56bfc062723c751e8b465ee728b)  -> (artifact id: '37fc45474fbf3e5e91db048d4fcfbdfe') in 0.025462 seconds 
========================================================================
Received Import Request.
  Time since last request: 0.000022 seconds.
  path: Assets/UnityTechnologies/3DBeginnerTutorial/Art/Textures/VFX/perlinNoise.png
  artifactKey: Guid(1ea576fbbfaeef64ca6136d38ccca74e) Importer(815301076,1909f56bfc062723c751e8b465ee728b)
Start importing Assets/UnityTechnologies/3DBeginnerTutorial/Art/Textures/VFX/perlinNoise.png using Guid(1ea576fbbfaeef64ca6136d38ccca74e) Importer(815301076,1909f56bfc062723c751e8b465ee728b)  -> (artifact id: 'd6fd5820aa3abe8145a283779cf09bd7') in 0.022193 seconds 
========================================================================
Received Import Request.
  Time since last request: 0.000033 seconds.
  path: Assets/UnityTechnologies/3DBeginnerTutorial/Prefabs/Environment/Bathroom/Pipe.prefab
  artifactKey: Guid(56702188126f5154ba3e75b53bf5acc1) Importer(815301076,1909f56bfc062723c751e8b465ee728b)
Start importing Assets/UnityTechnologies/3DBeginnerTutorial/Prefabs/Environment/Bathroom/Pipe.prefab using Guid(56702188126f5154ba3e75b53bf5acc1) Importer(815301076,1909f56bfc062723c751e8b465ee728b)  -> (artifact id: 'ecf2cfafc4f64782451eddf7b50510bd') in 0.041707 seconds 
========================================================================
Received Import Request.
  Time since last request: 0.000031 seconds.
  path: Assets/UnityTechnologies/3DBeginnerTutorial/Art/Textures/Corridor/FramedPicture_Normal.tif
  artifactKey: Guid(9bbe29cc5db8feb4c99e20b58bd94afd) Importer(815301076,1909f56bfc062723c751e8b465ee728b)
Start importing Assets/UnityTechnologies/3DBeginnerTutorial/Art/Textures/Corridor/FramedPicture_Normal.tif using Guid(9bbe29cc5db8feb4c99e20b58bd94afd) Importer(815301076,1909f56bfc062723c751e8b465ee728b)  -> (artifact id: 'bb1facf8863839401af7f8253c67457f') in 0.036992 seconds 
========================================================================
Received Import Request.
  Time since last request: 0.000031 seconds.
  path: Assets/UnityTechnologies/3DBeginnerTutorial/Art/Models/Corridor/PictureFrame_CatLady.FBX
  artifactKey: Guid(913d61a5ca2d96d43ba1c709260d55a7) Importer(815301076,1909f56bfc062723c751e8b465ee728b)
Start importing Assets/UnityTechnologies/3DBeginnerTutorial/Art/Models/Corridor/PictureFrame_CatLady.FBX using Guid(913d61a5ca2d96d43ba1c709260d55a7) Importer(815301076,1909f56bfc062723c751e8b465ee728b)  -> (artifact id: '47baa4e8182d422e05df8da5c9ce3ef7') in 0.052007 seconds 
========================================================================
Received Import Request.
  Time since last request: 0.000035 seconds.
  path: Assets/UnityTechnologies/3DBeginnerTutorial/Art/Textures/DiningRoom/Fireplace_Albedo.tif
  artifactKey: Guid(cba74aeb906dde146ae03b6b66e6ab46) Importer(815301076,1909f56bfc062723c751e8b465ee728b)
Start importing Assets/UnityTechnologies/3DBeginnerTutorial/Art/Textures/DiningRoom/Fireplace_Albedo.tif using Guid(cba74aeb906dde146ae03b6b66e6ab46) Importer(815301076,1909f56bfc062723c751e8b465ee728b)  -> (artifact id: 'ed05448eb5ad965741b0fda36893a1ab') in 0.022772 seconds 
========================================================================
Received Import Request.
  Time since last request: 0.000030 seconds.
  path: Assets/UnityTechnologies/3DBeginnerTutorial/Art/Models/Corridor/PictureFrame_MrMan.FBX
  artifactKey: Guid(2a56ae9ef7aa4654a96f73bda9a4c2c6) Importer(815301076,1909f56bfc062723c751e8b465ee728b)
Start importing Assets/UnityTechnologies/3DBeginnerTutorial/Art/Models/Corridor/PictureFrame_MrMan.FBX using Guid(2a56ae9ef7aa4654a96f73bda9a4c2c6) Importer(815301076,1909f56bfc062723c751e8b465ee728b)  -> (artifact id: 'a6766adca9e8add12c1700b7cef882d9') in 0.044694 seconds 
========================================================================
Received Import Request.
  Time since last request: 0.000036 seconds.
  path: Assets/UnityTechnologies/3DBeginnerTutorial/Art/Textures/BathRoom/Pipe_Occlusion.tif
  artifactKey: Guid(3b84af017fcbb4e4a9adbd89a6ed81c8) Importer(815301076,1909f56bfc062723c751e8b465ee728b)
Start importing Assets/UnityTechnologies/3DBeginnerTutorial/Art/Textures/BathRoom/Pipe_Occlusion.tif using Guid(3b84af017fcbb4e4a9adbd89a6ed81c8) Importer(815301076,1909f56bfc062723c751e8b465ee728b)  -> (artifact id: '42c53b84c230afd7a64f717ae10370ed') in 0.021113 seconds 
========================================================================
Received Import Request.
  Time since last request: 0.000024 seconds.
  path: Assets/UnityTechnologies/3DBeginnerTutorial/Art/Models/Corridor/PictureFrame_StraightThin.FBX
  artifactKey: Guid(2de78e17331d71b49bd26432f0301b13) Importer(815301076,1909f56bfc062723c751e8b465ee728b)
Start importing Assets/UnityTechnologies/3DBeginnerTutorial/Art/Models/Corridor/PictureFrame_StraightThin.FBX using Guid(2de78e17331d71b49bd26432f0301b13) Importer(815301076,1909f56bfc062723c751e8b465ee728b)  -> (artifact id: '14000c144925905d12ff7b7c3a187a42') in 0.040856 seconds 
========================================================================
Received Import Request.
  Time since last request: 0.000039 seconds.
  path: Assets/UnityTechnologies/3DBeginnerTutorial/Prefabs/Environment/Corridors/Post.prefab
  artifactKey: Guid(32d2a8958697bb644913bfaedcc8df68) Importer(815301076,1909f56bfc062723c751e8b465ee728b)
Start importing Assets/UnityTechnologies/3DBeginnerTutorial/Prefabs/Environment/Corridors/Post.prefab using Guid(32d2a8958697bb644913bfaedcc8df68) Importer(815301076,1909f56bfc062723c751e8b465ee728b)  -> (artifact id: '33ef8f8422fb036139e4048bca528912') in 0.040441 seconds 
========================================================================
Received Import Request.
  Time since last request: 0.000035 seconds.
  path: Assets/UnityTechnologies/3DBeginnerTutorial/Art/Models/Corridor/PictureFrame_Curvy.FBX
  artifactKey: Guid(5fc70289fcf1df046a32d969758ff20c) Importer(815301076,1909f56bfc062723c751e8b465ee728b)
Start importing Assets/UnityTechnologies/3DBeginnerTutorial/Art/Models/Corridor/PictureFrame_Curvy.FBX using Guid(5fc70289fcf1df046a32d969758ff20c) Importer(815301076,1909f56bfc062723c751e8b465ee728b)  -> (artifact id: '961a41837f21f91097999e701137d393') in 0.036550 seconds 
========================================================================
Received Import Request.
  Time since last request: 1.272685 seconds.
  path: Assets/UnityTechnologies/3DBeginnerTutorial/Prefabs
  artifactKey: Guid(9b0f9186b9caf554f82133b3d58436ef) Importer(815301076,1909f56bfc062723c751e8b465ee728b)
Start importing Assets/UnityTechnologies/3DBeginnerTutorial/Prefabs using Guid(9b0f9186b9caf554f82133b3d58436ef) Importer(815301076,1909f56bfc062723c751e8b465ee728b)  -> (artifact id: 'f92e751b8af76bea4620527591e13a68') in 0.028479 seconds 
========================================================================
Received Import Request.
  Time since last request: 0.587154 seconds.
  path: Assets/UnityTechnologies/3DBeginnerTutorial/Prefabs/Level.prefab
  artifactKey: Guid(549c69af39b84624b8a053537c407def) Importer(815301076,1909f56bfc062723c751e8b465ee728b)
Start importing Assets/UnityTechnologies/3DBeginnerTutorial/Prefabs/Level.prefab using Guid(549c69af39b84624b8a053537c407def) Importer(815301076,1909f56bfc062723c751e8b465ee728b)  -> (artifact id: 'e9f989a5d22ca56b1f738131981f64ac') in 3.489848 seconds 
========================================================================
Received Import Request.
  Time since last request: 16.735139 seconds.
  path: Assets/UnityTechnologies/3DBeginnerTutorial/Prefabs/JohnLemon.prefab
  artifactKey: Guid(0e18eb99e44dd0a40843a7409cc9c21a) Importer(815301076,1909f56bfc062723c751e8b465ee728b)
Start importing Assets/UnityTechnologies/3DBeginnerTutorial/Prefabs/JohnLemon.prefab using Guid(0e18eb99e44dd0a40843a7409cc9c21a) Importer(815301076,1909f56bfc062723c751e8b465ee728b)  -> (artifact id: 'a3ad64ec65bab25443bf45dc7841c9b2') in 0.213569 seconds 
Editor requested this worker to shutdown with reason: Scaling down because of idle timeout
AssetImportWorkerClient::OnTransportError - code=2 error=End of file
AssetImportWorker is now disconnected from the server
Process exiting
Exiting without the bug reporter. Application will terminate with return code 0